INFO 2022-07-20 19:27:51,939 root we are into ineuron
INFO 2022-07-20 19:27:51,939 root We are into student class
INFO 2022-07-20 19:27:51,939 root We are into job portal
INFO 2022-07-20 19:27:51,939 root we are into course tab
INFO 2022-07-20 19:27:51,939 root your Data science cousre fee is 17000 
INFO 2022-07-20 19:27:51,939 root  You can enter all the jobs option['python developer', 'data scientist', 'ml engineer', 'data analyst', 'dl engineer']
INFO 2022-07-20 19:27:51,939 root we are only inheriting only the constructor of parent class which is already a package
INFO 2022-07-20 19:27:51,939 root Sudhanshu sir is the mentor of Data science
INFO 2022-07-20 19:33:20,762 root we are into ineuron
INFO 2022-07-20 19:33:20,762 root We are into student class
INFO 2022-07-20 19:33:20,762 root We are into job portal
INFO 2022-07-20 19:33:20,762 root we are into course tab
INFO 2022-07-20 19:33:20,762 root your Data science cousre fee is 17000 
INFO 2022-07-20 19:33:20,762 root  You can enter all the jobs option['python developer', 'data scientist', 'ml engineer', 'data analyst', 'dl engineer']
INFO 2022-07-20 19:33:20,762 root we are only inheriting only the constructor of parent class which is already a package
INFO 2022-07-20 19:33:20,762 root Sudhanshu sir is the mentor of Data science
INFO 2022-07-21 13:03:34,370 root we are into ineuron
INFO 2022-07-21 13:03:34,370 root We are into student class
INFO 2022-07-21 13:03:34,370 root We are into job portal
INFO 2022-07-21 13:03:34,370 root we are into course tab
INFO 2022-07-21 13:03:34,370 root your Data science cousre fee is 17000 
INFO 2022-07-21 13:03:34,370 root  You can enter all the jobs option['python developer', 'data scientist', 'ml engineer', 'data analyst', 'dl engineer']
INFO 2022-07-21 13:03:34,370 root we are only inheriting only the constructor of parent class which is already in a package
INFO 2022-07-21 13:03:34,370 root Sudhanshu sir is the mentor of Data science
